Nonterminals useless in grammar

   TwoQString


Terminals unused in grammar

   VARARG
   TWOQ
   ONEQ


Rules useless in grammar

   18 TwoQString: TWOQ TWOQ


Состояние 17 конфликты: 2 сдвига/вывода
Состояние 18 конфликты: 2 сдвига/вывода
Состояние 22 конфликты: 2 сдвига/вывода
Состояние 23 конфликты: 2 сдвига/вывода


Грамматика

    0 $accept: main $end

    1 main: exp

    2 exp: NIL
    3    | FALSE
    4    | TRUE
    5    | Numeral
    6    | LiteralString
    7    | exp BINOP exp
    8    | exp SUB exp
    9    | UNOP exp
   10    | SUB exp

   11 LiteralString: ONEQSTRING
   12              | TWOQSTRING
   13              | LONGSTRING

   14 Numeral: INT
   15        | HEX
   16        | FLOAT
   17        | HEX_FLOAT


Терминальные символы с правилами, в которых они появляются

$end (0) 0
error (256)
UNOP (258) 9
SUB (259) 8 10
BINOP (260) 7
NIL (261) 2
FALSE (262) 3
TRUE (263) 4
INT (264) 14
HEX (265) 15
FLOAT (266) 16
HEX_FLOAT (267) 17
VARARG (268)
TWOQ (269)
ONEQ (270)
ONEQSTRING (271) 11
TWOQSTRING (272) 12
LONGSTRING (273) 13


Нетерминальные символы с правилами, в которых они появляются

$accept (19)
    налево: 0
main (20)
    налево: 1, направо: 0
exp (21)
    налево: 2 3 4 5 6 7 8 9 10, направо: 1 7 8 9 10
LiteralString (22)
    налево: 11 12 13, направо: 6
Numeral (23)
    налево: 14 15 16 17, направо: 5


состояние 0

    0 $accept: . main $end

    UNOP        сдвиг, и переход в состояние 1
    SUB         сдвиг, и переход в состояние 2
    NIL         сдвиг, и переход в состояние 3
    FALSE       сдвиг, и переход в состояние 4
    TRUE        сдвиг, и переход в состояние 5
    INT         сдвиг, и переход в состояние 6
    HEX         сдвиг, и переход в состояние 7
    FLOAT       сдвиг, и переход в состояние 8
    HEX_FLOAT   сдвиг, и переход в состояние 9
    ONEQSTRING  сдвиг, и переход в состояние 10
    TWOQSTRING  сдвиг, и переход в состояние 11
    LONGSTRING  сдвиг, и переход в состояние 12

    main           переход в состояние 13
    exp            переход в состояние 14
    LiteralString  переход в состояние 15
    Numeral        переход в состояние 16


состояние 1

    9 exp: UNOP . exp

    UNOP        сдвиг, и переход в состояние 1
    SUB         сдвиг, и переход в состояние 2
    NIL         сдвиг, и переход в состояние 3
    FALSE       сдвиг, и переход в состояние 4
    TRUE        сдвиг, и переход в состояние 5
    INT         сдвиг, и переход в состояние 6
    HEX         сдвиг, и переход в состояние 7
    FLOAT       сдвиг, и переход в состояние 8
    HEX_FLOAT   сдвиг, и переход в состояние 9
    ONEQSTRING  сдвиг, и переход в состояние 10
    TWOQSTRING  сдвиг, и переход в состояние 11
    LONGSTRING  сдвиг, и переход в состояние 12

    exp            переход в состояние 17
    LiteralString  переход в состояние 15
    Numeral        переход в состояние 16


состояние 2

   10 exp: SUB . exp

    UNOP        сдвиг, и переход в состояние 1
    SUB         сдвиг, и переход в состояние 2
    NIL         сдвиг, и переход в состояние 3
    FALSE       сдвиг, и переход в состояние 4
    TRUE        сдвиг, и переход в состояние 5
    INT         сдвиг, и переход в состояние 6
    HEX         сдвиг, и переход в состояние 7
    FLOAT       сдвиг, и переход в состояние 8
    HEX_FLOAT   сдвиг, и переход в состояние 9
    ONEQSTRING  сдвиг, и переход в состояние 10
    TWOQSTRING  сдвиг, и переход в состояние 11
    LONGSTRING  сдвиг, и переход в состояние 12

    exp            переход в состояние 18
    LiteralString  переход в состояние 15
    Numeral        переход в состояние 16


состояние 3

    2 exp: NIL .

    $default  вывод с использованием правила 2 (exp)


состояние 4

    3 exp: FALSE .

    $default  вывод с использованием правила 3 (exp)


состояние 5

    4 exp: TRUE .

    $default  вывод с использованием правила 4 (exp)


состояние 6

   14 Numeral: INT .

    $default  вывод с использованием правила 14 (Numeral)


состояние 7

   15 Numeral: HEX .

    $default  вывод с использованием правила 15 (Numeral)


состояние 8

   16 Numeral: FLOAT .

    $default  вывод с использованием правила 16 (Numeral)


состояние 9

   17 Numeral: HEX_FLOAT .

    $default  вывод с использованием правила 17 (Numeral)


состояние 10

   11 LiteralString: ONEQSTRING .

    $default  вывод с использованием правила 11 (LiteralString)


состояние 11

   12 LiteralString: TWOQSTRING .

    $default  вывод с использованием правила 12 (LiteralString)


состояние 12

   13 LiteralString: LONGSTRING .

    $default  вывод с использованием правила 13 (LiteralString)


состояние 13

    0 $accept: main . $end

    $end  сдвиг, и переход в состояние 19


состояние 14

    1 main: exp .
    7 exp: exp . BINOP exp
    8    | exp . SUB exp

    SUB    сдвиг, и переход в состояние 20
    BINOP  сдвиг, и переход в состояние 21

    $default  вывод с использованием правила 1 (main)


состояние 15

    6 exp: LiteralString .

    $default  вывод с использованием правила 6 (exp)


состояние 16

    5 exp: Numeral .

    $default  вывод с использованием правила 5 (exp)


состояние 17

    7 exp: exp . BINOP exp
    8    | exp . SUB exp
    9    | UNOP exp .

    SUB    сдвиг, и переход в состояние 20
    BINOP  сдвиг, и переход в состояние 21

    SUB       [вывод с использованием правила 9 (exp)]
    BINOP     [вывод с использованием правила 9 (exp)]
    $default  вывод с использованием правила 9 (exp)


состояние 18

    7 exp: exp . BINOP exp
    8    | exp . SUB exp
   10    | SUB exp .

    SUB    сдвиг, и переход в состояние 20
    BINOP  сдвиг, и переход в состояние 21

    SUB       [вывод с использованием правила 10 (exp)]
    BINOP     [вывод с использованием правила 10 (exp)]
    $default  вывод с использованием правила 10 (exp)


состояние 19

    0 $accept: main $end .

    $default  accept


состояние 20

    8 exp: exp SUB . exp

    UNOP        сдвиг, и переход в состояние 1
    SUB         сдвиг, и переход в состояние 2
    NIL         сдвиг, и переход в состояние 3
    FALSE       сдвиг, и переход в состояние 4
    TRUE        сдвиг, и переход в состояние 5
    INT         сдвиг, и переход в состояние 6
    HEX         сдвиг, и переход в состояние 7
    FLOAT       сдвиг, и переход в состояние 8
    HEX_FLOAT   сдвиг, и переход в состояние 9
    ONEQSTRING  сдвиг, и переход в состояние 10
    TWOQSTRING  сдвиг, и переход в состояние 11
    LONGSTRING  сдвиг, и переход в состояние 12

    exp            переход в состояние 22
    LiteralString  переход в состояние 15
    Numeral        переход в состояние 16


состояние 21

    7 exp: exp BINOP . exp

    UNOP        сдвиг, и переход в состояние 1
    SUB         сдвиг, и переход в состояние 2
    NIL         сдвиг, и переход в состояние 3
    FALSE       сдвиг, и переход в состояние 4
    TRUE        сдвиг, и переход в состояние 5
    INT         сдвиг, и переход в состояние 6
    HEX         сдвиг, и переход в состояние 7
    FLOAT       сдвиг, и переход в состояние 8
    HEX_FLOAT   сдвиг, и переход в состояние 9
    ONEQSTRING  сдвиг, и переход в состояние 10
    TWOQSTRING  сдвиг, и переход в состояние 11
    LONGSTRING  сдвиг, и переход в состояние 12

    exp            переход в состояние 23
    LiteralString  переход в состояние 15
    Numeral        переход в состояние 16


состояние 22

    7 exp: exp . BINOP exp
    8    | exp . SUB exp
    8    | exp SUB exp .

    SUB    сдвиг, и переход в состояние 20
    BINOP  сдвиг, и переход в состояние 21

    SUB       [вывод с использованием правила 8 (exp)]
    BINOP     [вывод с использованием правила 8 (exp)]
    $default  вывод с использованием правила 8 (exp)


состояние 23

    7 exp: exp . BINOP exp
    7    | exp BINOP exp .
    8    | exp . SUB exp

    SUB    сдвиг, и переход в состояние 20
    BINOP  сдвиг, и переход в состояние 21

    SUB       [вывод с использованием правила 7 (exp)]
    BINOP     [вывод с использованием правила 7 (exp)]
    $default  вывод с использованием правила 7 (exp)
